[2025-06-26 18:21:52,329: INFO: main: >>>>>>>>>>>>>>  stage Data Ingestion Stage started  <<<<<<<<<<<<<]
[2025-06-26 18:21:52,329: INFO: common: yaml file: config\config.yaml loded successfully]
[2025-06-26 18:21:52,329: INFO: common: yaml file: schema.yaml loded successfully]
[2025-06-26 18:21:52,329: INFO: common: yaml file: params.yaml loded successfully]
[2025-06-26 18:21:52,329: INFO: common: Directory for path: {path} created]
[2025-06-26 18:21:52,329: INFO: common: Directory for path: {path} created]
[2025-06-26 18:21:52,329: INFO: data_ingenstion: file already exists]
[2025-06-26 18:21:52,340: INFO: main: >>>>>>>>>>>>>>> stage Data Ingestion Stage completed  <<<<<<<<<<<<<<]
[2025-06-26 18:21:52,341: INFO: main: >>>>>>>>>>>>>>  stage Data Validation Stage started  <<<<<<<<<<<<<]
[2025-06-26 18:21:52,341: INFO: common: yaml file: config\config.yaml loded successfully]
[2025-06-26 18:21:52,341: INFO: common: yaml file: schema.yaml loded successfully]
[2025-06-26 18:21:52,341: INFO: common: yaml file: params.yaml loded successfully]
[2025-06-26 18:21:52,341: INFO: common: Directory for path: {path} created]
[2025-06-26 18:21:52,341: INFO: common: Directory for path: {path} created]
[2025-06-26 18:21:52,350: INFO: data_validation: Validation of Data Schema Passed for fixed acidity]
[2025-06-26 18:21:52,350: INFO: data_validation: Validation of Data Schema Passed for volatile acidity]
[2025-06-26 18:21:52,350: INFO: data_validation: Validation of Data Schema Passed for citric acid]
[2025-06-26 18:21:52,350: INFO: data_validation: Validation of Data Schema Passed for residual sugar]
[2025-06-26 18:21:52,350: INFO: data_validation: Validation of Data Schema Passed for chlorides]
[2025-06-26 18:21:52,350: INFO: data_validation: Validation of Data Schema Passed for free sulfur dioxide]
[2025-06-26 18:21:52,351: INFO: data_validation: Validation of Data Schema Passed for total sulfur dioxide]
[2025-06-26 18:21:52,351: INFO: data_validation: Validation of Data Schema Passed for density]
[2025-06-26 18:21:52,351: INFO: data_validation: Validation of Data Schema Passed for pH]
[2025-06-26 18:21:52,351: INFO: data_validation: Validation of Data Schema Passed for sulphates]
[2025-06-26 18:21:52,351: INFO: data_validation: Validation of Data Schema Passed for alcohol]
[2025-06-26 18:21:52,351: INFO: data_validation: Validation of Data Schema Passed for quality]
[2025-06-26 18:21:52,351: INFO: main: >>>>>>>>>>>>>>> stage Data Validation Stage completed  <<<<<<<<<<<<<<]
[2025-06-26 18:21:52,352: INFO: main: >>>>>>>>>>>>>>  stage Data Transformation Stage started  <<<<<<<<<<<<<]
[2025-06-26 18:21:52,353: INFO: common: yaml file: config\config.yaml loded successfully]
[2025-06-26 18:21:52,354: INFO: common: yaml file: schema.yaml loded successfully]
[2025-06-26 18:21:52,355: INFO: common: yaml file: params.yaml loded successfully]
[2025-06-26 18:21:52,356: INFO: common: Directory for path: {path} created]
[2025-06-26 18:21:52,356: INFO: common: Directory for path: {path} created]
[2025-06-26 18:21:52,371: INFO: data_transformation: Created Training and Testing files in artifacts/data_transformation]
[2025-06-26 18:21:52,372: INFO: data_transformation: Shape of training df : (1119, 12)]
[2025-06-26 18:21:52,372: INFO: data_transformation: Shape of testing df : (480, 12)]
[2025-06-26 18:21:52,372: INFO: main: >>>>>>>>>>>>>>> stage Data Transformation Stage completed  <<<<<<<<<<<<<<]
[2025-06-26 18:21:52,372: INFO: main: >>>>>>>>>>>>>>  stage Model Training Stage started  <<<<<<<<<<<<<]
[2025-06-26 18:21:52,373: INFO: common: yaml file: config\config.yaml loded successfully]
[2025-06-26 18:21:52,374: INFO: common: yaml file: schema.yaml loded successfully]
[2025-06-26 18:21:52,375: INFO: common: yaml file: params.yaml loded successfully]
[2025-06-26 18:21:52,376: INFO: common: Directory for path: {path} created]
[2025-06-26 18:21:52,376: INFO: common: Directory for path: {path} created]
[2025-06-26 18:21:52,376: INFO: model_training: Regressor Defined]
[2025-06-26 18:21:52,377: INFO: model_training: Params Set for Training are : {'n_estimators': BoxList([50, 100, 200]), 'max_depth': BoxList([3, 5, 7]), 'learning_rate': BoxList([0.01, 0.1, 0.2])}]
[2025-06-26 18:21:52,378: INFO: model_training: Training Dependent Variables info : (1119, 11)]
[2025-06-26 18:21:52,378: INFO: model_training: Training InDependent Variables info : (1119,)]
[2025-06-26 18:21:52,378: INFO: model_training: Testing Dependent Variables info : (480, 11)]
[2025-06-26 18:21:52,378: INFO: model_training: Testing InDependent Variables info : (480,)]
[2025-06-26 18:21:52,385: INFO: model_training: X_test saved at : artifacts/model_training\X_test.csv]
[2025-06-26 18:21:52,386: INFO: model_training: y_test saved at : artifacts/model_training\y_test.csv]
[2025-06-26 18:21:58,169: INFO: model_training: Best Params : {'learning_rate': 0.1, 'max_depth': 3, 'n_estimators': 50}]
[2025-06-26 18:21:58,172: INFO: common: Binary file saved at artifacts\model_training\model.joblib]
[2025-06-26 18:21:58,172: INFO: model_training: Model Saved at : artifacts/model_training\model.joblib]
[2025-06-26 18:21:58,172: INFO: main: >>>>>>>>>>>>>>> stage Model Training Stage completed  <<<<<<<<<<<<<<]
